2015/09/26 21:21:39 [error] [exception.CHttpException.404] exception 'CHttpException' with message 'Unable to resolve the request "gii".' in C:\xampp\htdocs\YiiRoot\framework\web\CWebApplication.php:286
Stack trace:
#0 C:\xampp\htdocs\YiiRoot\framework\web\CWebApplication.php(141): CWebApplication->runController('gii')
#1 C:\xampp\htdocs\YiiRoot\framework\base\CApplication.php(184): CWebApplication->processRequest()
#2 C:\xampp\htdocs\ParseLog\index.php(13): CApplication->run()
#3 {main}
REQUEST_URI=/ParseLog/?r=gii
---
2015/09/26 21:41:24 [error] [system.db.CDbCommand] CDbCommand::fetch() failed: SQLSTATE[42S22]: Column not found: 1054 Unknown column '$ip' in 'where clause'. The SQL statement executed was: SELECT * FROM `tbl_location` `t` WHERE ID=$ip LIMIT 1.
in C:\xampp\htdocs\ParseLog\protected\controllers\ParseController.php (10)
in C:\xampp\htdocs\ParseLog\index.php (13)
2015/09/26 21:41:24 [error] [exception.CDbException] exception 'CDbException' with message 'CDbCommand failed to execute the SQL statement: SQLSTATE[42S22]: Column not found: 1054 Unknown column '$ip' in 'where clause'. The SQL statement executed was: SELECT * FROM `tbl_location` `t` WHERE ID=$ip LIMIT 1' in C:\xampp\htdocs\YiiRoot\framework\db\CDbCommand.php:543
Stack trace:
#0 C:\xampp\htdocs\YiiRoot\framework\db\CDbCommand.php(415): CDbCommand->queryInternal('fetch', Array, Array)
#1 C:\xampp\htdocs\YiiRoot\framework\db\ar\CActiveRecord.php(1356): CDbCommand->queryRow()
#2 C:\xampp\htdocs\YiiRoot\framework\db\ar\CActiveRecord.php(1461): CActiveRecord->query(Object(CDbCriteria))
#3 C:\xampp\htdocs\ParseLog\protected\controllers\ParseController.php(10): CActiveRecord->find('ID=$ip')
#4 C:\xampp\htdocs\YiiRoot\framework\web\actions\CInlineAction.php(49): ParseController->actionIndex()
#5 C:\xampp\htdocs\YiiRoot\framework\web\CController.php(308): CInlineAction->runWithParams(Array)
#6 C:\xampp\htdocs\YiiRoot\framework\web\CController.php(286): CController->runAction(Object(CInlineAction))
#7 C:\xampp\htdocs\YiiRoot\framework\web\CController.php(265): CController->runActionWithFilters(Object(CInlineAction), Array)
#8 C:\xampp\htdocs\YiiRoot\framework\web\CWebApplication.php(282): CController->run('')
#9 C:\xampp\htdocs\YiiRoot\framework\web\CWebApplication.php(141): CWebApplication->runController('parse')
#10 C:\xampp\htdocs\YiiRoot\framework\base\CApplication.php(184): CWebApplication->processRequest()
#11 C:\xampp\htdocs\ParseLog\index.php(13): CApplication->run()
#12 {main}
REQUEST_URI=/ParseLog/?r=parse
---
2015/09/26 21:42:00 [error] [system.db.CDbCommand] CDbCommand::fetch() failed: SQLSTATE[42000]: Syntax error or access violation: 1064 You have an error in your SQL syntax; check the manual that corresponds to your MySQL server version for the right syntax to use near '.227.50 LIMIT 1' at line 1. The SQL statement executed was: SELECT * FROM `tbl_location` `t` WHERE ID=116.236.227.50 LIMIT 1.
in C:\xampp\htdocs\ParseLog\protected\controllers\ParseController.php (10)
in C:\xampp\htdocs\ParseLog\index.php (13)
2015/09/26 21:42:00 [error] [exception.CDbException] exception 'CDbException' with message 'CDbCommand failed to execute the SQL statement: SQLSTATE[42000]: Syntax error or access violation: 1064 You have an error in your SQL syntax; check the manual that corresponds to your MySQL server version for the right syntax to use near '.227.50 LIMIT 1' at line 1. The SQL statement executed was: SELECT * FROM `tbl_location` `t` WHERE ID=116.236.227.50 LIMIT 1' in C:\xampp\htdocs\YiiRoot\framework\db\CDbCommand.php:543
Stack trace:
#0 C:\xampp\htdocs\YiiRoot\framework\db\CDbCommand.php(415): CDbCommand->queryInternal('fetch', Array, Array)
#1 C:\xampp\htdocs\YiiRoot\framework\db\ar\CActiveRecord.php(1356): CDbCommand->queryRow()
#2 C:\xampp\htdocs\YiiRoot\framework\db\ar\CActiveRecord.php(1461): CActiveRecord->query(Object(CDbCriteria))
#3 C:\xampp\htdocs\ParseLog\protected\controllers\ParseController.php(10): CActiveRecord->find('ID=116.236.227....')
#4 C:\xampp\htdocs\YiiRoot\framework\web\actions\CInlineAction.php(49): ParseController->actionIndex()
#5 C:\xampp\htdocs\YiiRoot\framework\web\CController.php(308): CInlineAction->runWithParams(Array)
#6 C:\xampp\htdocs\YiiRoot\framework\web\CController.php(286): CController->runAction(Object(CInlineAction))
#7 C:\xampp\htdocs\YiiRoot\framework\web\CController.php(265): CController->runActionWithFilters(Object(CInlineAction), Array)
#8 C:\xampp\htdocs\YiiRoot\framework\web\CWebApplication.php(282): CController->run('')
#9 C:\xampp\htdocs\YiiRoot\framework\web\CWebApplication.php(141): CWebApplication->runController('parse')
#10 C:\xampp\htdocs\YiiRoot\framework\base\CApplication.php(184): CWebApplication->processRequest()
#11 C:\xampp\htdocs\ParseLog\index.php(13): CApplication->run()
#12 {main}
REQUEST_URI=/ParseLog/?r=parse
---
2015/09/26 21:42:29 [error] [php] Trying to get property of non-object (C:\xampp\htdocs\ParseLog\protected\controllers\ParseController.php:12)
Stack trace:
#0 C:\xampp\htdocs\YiiRoot\framework\web\CController.php(286): ParseController->runAction()
#1 C:\xampp\htdocs\YiiRoot\framework\web\CController.php(265): ParseController->runActionWithFilters()
#2 C:\xampp\htdocs\YiiRoot\framework\web\CWebApplication.php(282): ParseController->run()
#3 C:\xampp\htdocs\YiiRoot\framework\web\CWebApplication.php(141): CWebApplication->runController()
#4 C:\xampp\htdocs\YiiRoot\framework\base\CApplication.php(184): CWebApplication->processRequest()
#5 C:\xampp\htdocs\ParseLog\index.php(13): CWebApplication->run()
REQUEST_URI=/ParseLog/?r=parse
in C:\xampp\htdocs\ParseLog\protected\controllers\ParseController.php (12)
in C:\xampp\htdocs\ParseLog\index.php (13)
2015/09/26 21:42:39 [error] [system.db.CDbCommand] CDbCommand::fetch() failed: SQLSTATE[42000]: Syntax error or access violation: 1064 You have an error in your SQL syntax; check the manual that corresponds to your MySQL server version for the right syntax to use near '.227.50 LIMIT 1' at line 1. The SQL statement executed was: SELECT * FROM `tbl_location` `t` WHERE ID=116.236.227.50 LIMIT 1.
in C:\xampp\htdocs\ParseLog\protected\controllers\ParseController.php (10)
in C:\xampp\htdocs\ParseLog\index.php (13)
2015/09/26 21:42:39 [error] [exception.CDbException] exception 'CDbException' with message 'CDbCommand failed to execute the SQL statement: SQLSTATE[42000]: Syntax error or access violation: 1064 You have an error in your SQL syntax; check the manual that corresponds to your MySQL server version for the right syntax to use near '.227.50 LIMIT 1' at line 1. The SQL statement executed was: SELECT * FROM `tbl_location` `t` WHERE ID=116.236.227.50 LIMIT 1' in C:\xampp\htdocs\YiiRoot\framework\db\CDbCommand.php:543
Stack trace:
#0 C:\xampp\htdocs\YiiRoot\framework\db\CDbCommand.php(415): CDbCommand->queryInternal('fetch', Array, Array)
#1 C:\xampp\htdocs\YiiRoot\framework\db\ar\CActiveRecord.php(1356): CDbCommand->queryRow()
#2 C:\xampp\htdocs\YiiRoot\framework\db\ar\CActiveRecord.php(1461): CActiveRecord->query(Object(CDbCriteria))
#3 C:\xampp\htdocs\ParseLog\protected\controllers\ParseController.php(10): CActiveRecord->find('ID=116.236.227....')
#4 C:\xampp\htdocs\YiiRoot\framework\web\actions\CInlineAction.php(49): ParseController->actionIndex()
#5 C:\xampp\htdocs\YiiRoot\framework\web\CController.php(308): CInlineAction->runWithParams(Array)
#6 C:\xampp\htdocs\YiiRoot\framework\web\CController.php(286): CController->runAction(Object(CInlineAction))
#7 C:\xampp\htdocs\YiiRoot\framework\web\CController.php(265): CController->runActionWithFilters(Object(CInlineAction), Array)
#8 C:\xampp\htdocs\YiiRoot\framework\web\CWebApplication.php(282): CController->run('')
#9 C:\xampp\htdocs\YiiRoot\framework\web\CWebApplication.php(141): CWebApplication->runController('parse')
#10 C:\xampp\htdocs\YiiRoot\framework\base\CApplication.php(184): CWebApplication->processRequest()
#11 C:\xampp\htdocs\ParseLog\index.php(13): CApplication->run()
#12 {main}
REQUEST_URI=/ParseLog/?r=parse
---
2015/09/26 21:43:15 [error] [php] Trying to get property of non-object (C:\xampp\htdocs\ParseLog\protected\controllers\ParseController.php:12)
Stack trace:
#0 C:\xampp\htdocs\YiiRoot\framework\web\CController.php(286): ParseController->runAction()
#1 C:\xampp\htdocs\YiiRoot\framework\web\CController.php(265): ParseController->runActionWithFilters()
#2 C:\xampp\htdocs\YiiRoot\framework\web\CWebApplication.php(282): ParseController->run()
#3 C:\xampp\htdocs\YiiRoot\framework\web\CWebApplication.php(141): CWebApplication->runController()
#4 C:\xampp\htdocs\YiiRoot\framework\base\CApplication.php(184): CWebApplication->processRequest()
#5 C:\xampp\htdocs\ParseLog\index.php(13): CWebApplication->run()
REQUEST_URI=/ParseLog/?r=parse
in C:\xampp\htdocs\ParseLog\protected\controllers\ParseController.php (12)
in C:\xampp\htdocs\ParseLog\index.php (13)
2015/09/26 22:19:24 [error] [php] Undefined variable: sayhi (C:\xampp\htdocs\ParseLog\protected\controllers\ParseController.php:14)
Stack trace:
#0 C:\xampp\htdocs\YiiRoot\framework\web\CController.php(286): ParseController->runAction()
#1 C:\xampp\htdocs\YiiRoot\framework\web\CController.php(265): ParseController->runActionWithFilters()
#2 C:\xampp\htdocs\YiiRoot\framework\web\CWebApplication.php(282): ParseController->run()
#3 C:\xampp\htdocs\YiiRoot\framework\web\CWebApplication.php(141): CWebApplication->runController()
#4 C:\xampp\htdocs\YiiRoot\framework\base\CApplication.php(184): CWebApplication->processRequest()
#5 C:\xampp\htdocs\ParseLog\index.php(13): CWebApplication->run()
REQUEST_URI=/ParseLog/?r=parse
in C:\xampp\htdocs\ParseLog\protected\controllers\ParseController.php (14)
in C:\xampp\htdocs\ParseLog\index.php (13)
2015/09/26 22:50:54 [error] [php] Use of undefined constant ipHits - assumed 'ipHits' (C:\xampp\htdocs\ParseLog\protected\controllers\ParseController.php:68)
Stack trace:
#0 C:\xampp\htdocs\YiiRoot\framework\web\CController.php(308): CInlineAction->runWithParams()
#1 C:\xampp\htdocs\YiiRoot\framework\web\CController.php(286): ParseController->runAction()
#2 C:\xampp\htdocs\YiiRoot\framework\web\CController.php(265): ParseController->runActionWithFilters()
#3 C:\xampp\htdocs\YiiRoot\framework\web\CWebApplication.php(282): ParseController->run()
#4 C:\xampp\htdocs\YiiRoot\framework\web\CWebApplication.php(141): CWebApplication->runController()
#5 C:\xampp\htdocs\YiiRoot\framework\base\CApplication.php(184): CWebApplication->processRequest()
#6 C:\xampp\htdocs\ParseLog\index.php(13): CWebApplication->run()
REQUEST_URI=/ParseLog/?r=parse
in C:\xampp\htdocs\ParseLog\protected\controllers\ParseController.php (68)
in C:\xampp\htdocs\ParseLog\protected\controllers\ParseController.php (21)
in C:\xampp\htdocs\ParseLog\index.php (13)
2015/09/26 22:51:37 [error] [php] Use of undefined constant ipHits - assumed 'ipHits' (C:\xampp\htdocs\ParseLog\protected\controllers\ParseController.php:68)
Stack trace:
#0 C:\xampp\htdocs\YiiRoot\framework\web\CController.php(308): CInlineAction->runWithParams()
#1 C:\xampp\htdocs\YiiRoot\framework\web\CController.php(286): ParseController->runAction()
#2 C:\xampp\htdocs\YiiRoot\framework\web\CController.php(265): ParseController->runActionWithFilters()
#3 C:\xampp\htdocs\YiiRoot\framework\web\CWebApplication.php(282): ParseController->run()
#4 C:\xampp\htdocs\YiiRoot\framework\web\CWebApplication.php(141): CWebApplication->runController()
#5 C:\xampp\htdocs\YiiRoot\framework\base\CApplication.php(184): CWebApplication->processRequest()
#6 C:\xampp\htdocs\ParseLog\index.php(13): CWebApplication->run()
REQUEST_URI=/ParseLog/?r=parse
in C:\xampp\htdocs\ParseLog\protected\controllers\ParseController.php (68)
in C:\xampp\htdocs\ParseLog\protected\controllers\ParseController.php (21)
in C:\xampp\htdocs\ParseLog\index.php (13)
2015/09/26 22:53:19 [error] [php] Use of undefined constant ipHits - assumed 'ipHits' (C:\xampp\htdocs\ParseLog\protected\controllers\ParseController.php:68)
Stack trace:
#0 C:\xampp\htdocs\YiiRoot\framework\web\CController.php(308): CInlineAction->runWithParams()
#1 C:\xampp\htdocs\YiiRoot\framework\web\CController.php(286): ParseController->runAction()
#2 C:\xampp\htdocs\YiiRoot\framework\web\CController.php(265): ParseController->runActionWithFilters()
#3 C:\xampp\htdocs\YiiRoot\framework\web\CWebApplication.php(282): ParseController->run()
#4 C:\xampp\htdocs\YiiRoot\framework\web\CWebApplication.php(141): CWebApplication->runController()
#5 C:\xampp\htdocs\YiiRoot\framework\base\CApplication.php(184): CWebApplication->processRequest()
#6 C:\xampp\htdocs\ParseLog\index.php(13): CWebApplication->run()
REQUEST_URI=/ParseLog/?r=parse
in C:\xampp\htdocs\ParseLog\protected\controllers\ParseController.php (68)
in C:\xampp\htdocs\ParseLog\protected\controllers\ParseController.php (21)
in C:\xampp\htdocs\ParseLog\index.php (13)
2015/09/26 22:53:20 [error] [php] Use of undefined constant ipHits - assumed 'ipHits' (C:\xampp\htdocs\ParseLog\protected\controllers\ParseController.php:68)
Stack trace:
#0 C:\xampp\htdocs\YiiRoot\framework\web\CController.php(308): CInlineAction->runWithParams()
#1 C:\xampp\htdocs\YiiRoot\framework\web\CController.php(286): ParseController->runAction()
#2 C:\xampp\htdocs\YiiRoot\framework\web\CController.php(265): ParseController->runActionWithFilters()
#3 C:\xampp\htdocs\YiiRoot\framework\web\CWebApplication.php(282): ParseController->run()
#4 C:\xampp\htdocs\YiiRoot\framework\web\CWebApplication.php(141): CWebApplication->runController()
#5 C:\xampp\htdocs\YiiRoot\framework\base\CApplication.php(184): CWebApplication->processRequest()
#6 C:\xampp\htdocs\ParseLog\index.php(13): CWebApplication->run()
REQUEST_URI=/ParseLog/?r=parse
in C:\xampp\htdocs\ParseLog\protected\controllers\ParseController.php (68)
in C:\xampp\htdocs\ParseLog\protected\controllers\ParseController.php (21)
in C:\xampp\htdocs\ParseLog\index.php (13)
2015/09/26 22:53:22 [error] [php] Use of undefined constant ipHits - assumed 'ipHits' (C:\xampp\htdocs\ParseLog\protected\controllers\ParseController.php:68)
Stack trace:
#0 C:\xampp\htdocs\YiiRoot\framework\web\CController.php(308): CInlineAction->runWithParams()
#1 C:\xampp\htdocs\YiiRoot\framework\web\CController.php(286): ParseController->runAction()
#2 C:\xampp\htdocs\YiiRoot\framework\web\CController.php(265): ParseController->runActionWithFilters()
#3 C:\xampp\htdocs\YiiRoot\framework\web\CWebApplication.php(282): ParseController->run()
#4 C:\xampp\htdocs\YiiRoot\framework\web\CWebApplication.php(141): CWebApplication->runController()
#5 C:\xampp\htdocs\YiiRoot\framework\base\CApplication.php(184): CWebApplication->processRequest()
#6 C:\xampp\htdocs\ParseLog\index.php(13): CWebApplication->run()
REQUEST_URI=/ParseLog/?r=parse
in C:\xampp\htdocs\ParseLog\protected\controllers\ParseController.php (68)
in C:\xampp\htdocs\ParseLog\protected\controllers\ParseController.php (21)
in C:\xampp\htdocs\ParseLog\index.php (13)
2015/09/26 22:53:25 [error] [php] Use of undefined constant ipHits - assumed 'ipHits' (C:\xampp\htdocs\ParseLog\protected\controllers\ParseController.php:68)
Stack trace:
#0 C:\xampp\htdocs\YiiRoot\framework\web\CController.php(308): CInlineAction->runWithParams()
#1 C:\xampp\htdocs\YiiRoot\framework\web\CController.php(286): ParseController->runAction()
#2 C:\xampp\htdocs\YiiRoot\framework\web\CController.php(265): ParseController->runActionWithFilters()
#3 C:\xampp\htdocs\YiiRoot\framework\web\CWebApplication.php(282): ParseController->run()
#4 C:\xampp\htdocs\YiiRoot\framework\web\CWebApplication.php(141): CWebApplication->runController()
#5 C:\xampp\htdocs\YiiRoot\framework\base\CApplication.php(184): CWebApplication->processRequest()
#6 C:\xampp\htdocs\ParseLog\index.php(13): CWebApplication->run()
REQUEST_URI=/ParseLog/?r=parse
in C:\xampp\htdocs\ParseLog\protected\controllers\ParseController.php (68)
in C:\xampp\htdocs\ParseLog\protected\controllers\ParseController.php (21)
in C:\xampp\htdocs\ParseLog\index.php (13)
2015/09/26 22:54:57 [error] [php] Use of undefined constant ipHits - assumed 'ipHits' (C:\xampp\htdocs\ParseLog\protected\controllers\ParseController.php:68)
Stack trace:
#0 C:\xampp\htdocs\YiiRoot\framework\web\CController.php(308): CInlineAction->runWithParams()
#1 C:\xampp\htdocs\YiiRoot\framework\web\CController.php(286): ParseController->runAction()
#2 C:\xampp\htdocs\YiiRoot\framework\web\CController.php(265): ParseController->runActionWithFilters()
#3 C:\xampp\htdocs\YiiRoot\framework\web\CWebApplication.php(282): ParseController->run()
#4 C:\xampp\htdocs\YiiRoot\framework\web\CWebApplication.php(141): CWebApplication->runController()
#5 C:\xampp\htdocs\YiiRoot\framework\base\CApplication.php(184): CWebApplication->processRequest()
#6 C:\xampp\htdocs\ParseLog\index.php(13): CWebApplication->run()
REQUEST_URI=/ParseLog/?r=parse
in C:\xampp\htdocs\ParseLog\protected\controllers\ParseController.php (68)
in C:\xampp\htdocs\ParseLog\protected\controllers\ParseController.php (21)
in C:\xampp\htdocs\ParseLog\index.php (13)
2015/09/26 22:54:58 [error] [php] Use of undefined constant ipHits - assumed 'ipHits' (C:\xampp\htdocs\ParseLog\protected\controllers\ParseController.php:68)
Stack trace:
#0 C:\xampp\htdocs\YiiRoot\framework\web\CController.php(308): CInlineAction->runWithParams()
#1 C:\xampp\htdocs\YiiRoot\framework\web\CController.php(286): ParseController->runAction()
#2 C:\xampp\htdocs\YiiRoot\framework\web\CController.php(265): ParseController->runActionWithFilters()
#3 C:\xampp\htdocs\YiiRoot\framework\web\CWebApplication.php(282): ParseController->run()
#4 C:\xampp\htdocs\YiiRoot\framework\web\CWebApplication.php(141): CWebApplication->runController()
#5 C:\xampp\htdocs\YiiRoot\framework\base\CApplication.php(184): CWebApplication->processRequest()
#6 C:\xampp\htdocs\ParseLog\index.php(13): CWebApplication->run()
REQUEST_URI=/ParseLog/?r=parse
in C:\xampp\htdocs\ParseLog\protected\controllers\ParseController.php (68)
in C:\xampp\htdocs\ParseLog\protected\controllers\ParseController.php (21)
in C:\xampp\htdocs\ParseLog\index.php (13)
2015/09/26 22:54:58 [error] [php] Use of undefined constant ipHits - assumed 'ipHits' (C:\xampp\htdocs\ParseLog\protected\controllers\ParseController.php:68)
Stack trace:
#0 C:\xampp\htdocs\YiiRoot\framework\web\CController.php(308): CInlineAction->runWithParams()
#1 C:\xampp\htdocs\YiiRoot\framework\web\CController.php(286): ParseController->runAction()
#2 C:\xampp\htdocs\YiiRoot\framework\web\CController.php(265): ParseController->runActionWithFilters()
#3 C:\xampp\htdocs\YiiRoot\framework\web\CWebApplication.php(282): ParseController->run()
#4 C:\xampp\htdocs\YiiRoot\framework\web\CWebApplication.php(141): CWebApplication->runController()
#5 C:\xampp\htdocs\YiiRoot\framework\base\CApplication.php(184): CWebApplication->processRequest()
#6 C:\xampp\htdocs\ParseLog\index.php(13): CWebApplication->run()
REQUEST_URI=/ParseLog/?r=parse
in C:\xampp\htdocs\ParseLog\protected\controllers\ParseController.php (68)
in C:\xampp\htdocs\ParseLog\protected\controllers\ParseController.php (21)
in C:\xampp\htdocs\ParseLog\index.php (13)
2015/09/26 22:55:34 [error] [php] Use of undefined constant ipHits - assumed 'ipHits' (C:\xampp\htdocs\ParseLog\protected\controllers\ParseController.php:68)
Stack trace:
#0 C:\xampp\htdocs\YiiRoot\framework\web\CController.php(308): CInlineAction->runWithParams()
#1 C:\xampp\htdocs\YiiRoot\framework\web\CController.php(286): ParseController->runAction()
#2 C:\xampp\htdocs\YiiRoot\framework\web\CController.php(265): ParseController->runActionWithFilters()
#3 C:\xampp\htdocs\YiiRoot\framework\web\CWebApplication.php(282): ParseController->run()
#4 C:\xampp\htdocs\YiiRoot\framework\web\CWebApplication.php(141): CWebApplication->runController()
#5 C:\xampp\htdocs\YiiRoot\framework\base\CApplication.php(184): CWebApplication->processRequest()
#6 C:\xampp\htdocs\ParseLog\index.php(13): CWebApplication->run()
REQUEST_URI=/ParseLog/?r=parse
in C:\xampp\htdocs\ParseLog\protected\controllers\ParseController.php (68)
in C:\xampp\htdocs\ParseLog\protected\controllers\ParseController.php (21)
in C:\xampp\htdocs\ParseLog\index.php (13)
2015/09/26 22:55:38 [error] [php] Use of undefined constant ipHits - assumed 'ipHits' (C:\xampp\htdocs\ParseLog\protected\controllers\ParseController.php:68)
Stack trace:
#0 C:\xampp\htdocs\YiiRoot\framework\web\CController.php(308): CInlineAction->runWithParams()
#1 C:\xampp\htdocs\YiiRoot\framework\web\CController.php(286): ParseController->runAction()
#2 C:\xampp\htdocs\YiiRoot\framework\web\CController.php(265): ParseController->runActionWithFilters()
#3 C:\xampp\htdocs\YiiRoot\framework\web\CWebApplication.php(282): ParseController->run()
#4 C:\xampp\htdocs\YiiRoot\framework\web\CWebApplication.php(141): CWebApplication->runController()
#5 C:\xampp\htdocs\YiiRoot\framework\base\CApplication.php(184): CWebApplication->processRequest()
#6 C:\xampp\htdocs\ParseLog\index.php(13): CWebApplication->run()
REQUEST_URI=/ParseLog/?r=parse
in C:\xampp\htdocs\ParseLog\protected\controllers\ParseController.php (68)
in C:\xampp\htdocs\ParseLog\protected\controllers\ParseController.php (21)
in C:\xampp\htdocs\ParseLog\index.php (13)
2015/09/26 22:56:58 [error] [php] Use of undefined constant ipHits - assumed 'ipHits' (C:\xampp\htdocs\ParseLog\protected\controllers\ParseController.php:68)
Stack trace:
#0 C:\xampp\htdocs\YiiRoot\framework\web\CController.php(308): CInlineAction->runWithParams()
#1 C:\xampp\htdocs\YiiRoot\framework\web\CController.php(286): ParseController->runAction()
#2 C:\xampp\htdocs\YiiRoot\framework\web\CController.php(265): ParseController->runActionWithFilters()
#3 C:\xampp\htdocs\YiiRoot\framework\web\CWebApplication.php(282): ParseController->run()
#4 C:\xampp\htdocs\YiiRoot\framework\web\CWebApplication.php(141): CWebApplication->runController()
#5 C:\xampp\htdocs\YiiRoot\framework\base\CApplication.php(184): CWebApplication->processRequest()
#6 C:\xampp\htdocs\ParseLog\index.php(13): CWebApplication->run()
REQUEST_URI=/ParseLog/?r=parse
in C:\xampp\htdocs\ParseLog\protected\controllers\ParseController.php (68)
in C:\xampp\htdocs\ParseLog\protected\controllers\ParseController.php (21)
in C:\xampp\htdocs\ParseLog\index.php (13)
2015/09/26 22:56:59 [error] [php] Use of undefined constant ipHits - assumed 'ipHits' (C:\xampp\htdocs\ParseLog\protected\controllers\ParseController.php:68)
Stack trace:
#0 C:\xampp\htdocs\YiiRoot\framework\web\CController.php(308): CInlineAction->runWithParams()
#1 C:\xampp\htdocs\YiiRoot\framework\web\CController.php(286): ParseController->runAction()
#2 C:\xampp\htdocs\YiiRoot\framework\web\CController.php(265): ParseController->runActionWithFilters()
#3 C:\xampp\htdocs\YiiRoot\framework\web\CWebApplication.php(282): ParseController->run()
#4 C:\xampp\htdocs\YiiRoot\framework\web\CWebApplication.php(141): CWebApplication->runController()
#5 C:\xampp\htdocs\YiiRoot\framework\base\CApplication.php(184): CWebApplication->processRequest()
#6 C:\xampp\htdocs\ParseLog\index.php(13): CWebApplication->run()
REQUEST_URI=/ParseLog/?r=parse
in C:\xampp\htdocs\ParseLog\protected\controllers\ParseController.php (68)
in C:\xampp\htdocs\ParseLog\protected\controllers\ParseController.php (21)
in C:\xampp\htdocs\ParseLog\index.php (13)
2015/09/26 22:56:59 [error] [php] Use of undefined constant ipHits - assumed 'ipHits' (C:\xampp\htdocs\ParseLog\protected\controllers\ParseController.php:68)
Stack trace:
#0 C:\xampp\htdocs\YiiRoot\framework\web\CController.php(308): CInlineAction->runWithParams()
#1 C:\xampp\htdocs\YiiRoot\framework\web\CController.php(286): ParseController->runAction()
#2 C:\xampp\htdocs\YiiRoot\framework\web\CController.php(265): ParseController->runActionWithFilters()
#3 C:\xampp\htdocs\YiiRoot\framework\web\CWebApplication.php(282): ParseController->run()
#4 C:\xampp\htdocs\YiiRoot\framework\web\CWebApplication.php(141): CWebApplication->runController()
#5 C:\xampp\htdocs\YiiRoot\framework\base\CApplication.php(184): CWebApplication->processRequest()
#6 C:\xampp\htdocs\ParseLog\index.php(13): CWebApplication->run()
REQUEST_URI=/ParseLog/?r=parse
in C:\xampp\htdocs\ParseLog\protected\controllers\ParseController.php (68)
in C:\xampp\htdocs\ParseLog\protected\controllers\ParseController.php (21)
in C:\xampp\htdocs\ParseLog\index.php (13)
2015/09/26 22:57:30 [error] [php] Undefined variable: ipHit (C:\xampp\htdocs\ParseLog\protected\views\parse\index.php:11)
Stack trace:
#0 C:\xampp\htdocs\YiiRoot\framework\web\CController.php(869): ParseController->renderFile()
#1 C:\xampp\htdocs\YiiRoot\framework\web\CController.php(782): ParseController->renderPartial()
#2 C:\xampp\htdocs\ParseLog\protected\controllers\ParseController.php(27): ParseController->render()
#3 C:\xampp\htdocs\YiiRoot\framework\web\actions\CInlineAction.php(49): ParseController->actionIndex()
#4 C:\xampp\htdocs\YiiRoot\framework\web\CController.php(308): CInlineAction->runWithParams()
#5 C:\xampp\htdocs\YiiRoot\framework\web\CController.php(286): ParseController->runAction()
#6 C:\xampp\htdocs\YiiRoot\framework\web\CController.php(265): ParseController->runActionWithFilters()
#7 C:\xampp\htdocs\YiiRoot\framework\web\CWebApplication.php(282): ParseController->run()
#8 C:\xampp\htdocs\YiiRoot\framework\web\CWebApplication.php(141): CWebApplication->runController()
#9 C:\xampp\htdocs\YiiRoot\framework\base\CApplication.php(184): CWebApplication->processRequest()
#10 C:\xampp\htdocs\ParseLog\index.php(13): CWebApplication->run()
REQUEST_URI=/ParseLog/?r=parse
in C:\xampp\htdocs\ParseLog\protected\views\parse\index.php (11)
in C:\xampp\htdocs\ParseLog\protected\controllers\ParseController.php (27)
in C:\xampp\htdocs\ParseLog\index.php (13)
2015/09/26 22:57:40 [error] [php] Undefined offset: 0 (C:\xampp\htdocs\ParseLog\protected\views\parse\index.php:11)
Stack trace:
#0 C:\xampp\htdocs\YiiRoot\framework\web\CController.php(869): ParseController->renderFile()
#1 C:\xampp\htdocs\YiiRoot\framework\web\CController.php(782): ParseController->renderPartial()
#2 C:\xampp\htdocs\ParseLog\protected\controllers\ParseController.php(27): ParseController->render()
#3 C:\xampp\htdocs\YiiRoot\framework\web\actions\CInlineAction.php(49): ParseController->actionIndex()
#4 C:\xampp\htdocs\YiiRoot\framework\web\CController.php(308): CInlineAction->runWithParams()
#5 C:\xampp\htdocs\YiiRoot\framework\web\CController.php(286): ParseController->runAction()
#6 C:\xampp\htdocs\YiiRoot\framework\web\CController.php(265): ParseController->runActionWithFilters()
#7 C:\xampp\htdocs\YiiRoot\framework\web\CWebApplication.php(282): ParseController->run()
#8 C:\xampp\htdocs\YiiRoot\framework\web\CWebApplication.php(141): CWebApplication->runController()
#9 C:\xampp\htdocs\YiiRoot\framework\base\CApplication.php(184): CWebApplication->processRequest()
#10 C:\xampp\htdocs\ParseLog\index.php(13): CWebApplication->run()
REQUEST_URI=/ParseLog/?r=parse
in C:\xampp\htdocs\ParseLog\protected\views\parse\index.php (11)
in C:\xampp\htdocs\ParseLog\protected\controllers\ParseController.php (27)
in C:\xampp\htdocs\ParseLog\index.php (13)
2015/09/26 23:32:26 [error] [php] Invalid argument supplied for foreach() (C:\xampp\htdocs\ParseLog\protected\views\parse\index.php:11)
Stack trace:
#0 C:\xampp\htdocs\YiiRoot\framework\web\CController.php(869): ParseController->renderFile()
#1 C:\xampp\htdocs\YiiRoot\framework\web\CController.php(782): ParseController->renderPartial()
#2 C:\xampp\htdocs\ParseLog\protected\controllers\ParseController.php(28): ParseController->render()
#3 C:\xampp\htdocs\YiiRoot\framework\web\actions\CInlineAction.php(49): ParseController->actionIndex()
#4 C:\xampp\htdocs\YiiRoot\framework\web\CController.php(308): CInlineAction->runWithParams()
#5 C:\xampp\htdocs\YiiRoot\framework\web\CController.php(286): ParseController->runAction()
#6 C:\xampp\htdocs\YiiRoot\framework\web\CController.php(265): ParseController->runActionWithFilters()
#7 C:\xampp\htdocs\YiiRoot\framework\web\CWebApplication.php(282): ParseController->run()
#8 C:\xampp\htdocs\YiiRoot\framework\web\CWebApplication.php(141): CWebApplication->runController()
#9 C:\xampp\htdocs\YiiRoot\framework\base\CApplication.php(184): CWebApplication->processRequest()
#10 C:\xampp\htdocs\ParseLog\index.php(13): CWebApplication->run()
REQUEST_URI=/ParseLog/?r=parse
in C:\xampp\htdocs\ParseLog\protected\views\parse\index.php (11)
in C:\xampp\htdocs\ParseLog\protected\controllers\ParseController.php (28)
in C:\xampp\htdocs\ParseLog\index.php (13)
2015/09/26 23:34:47 [error] [php] Undefined variable: count (C:\xampp\htdocs\ParseLog\protected\controllers\ParseController.php:26)
Stack trace:
#0 C:\xampp\htdocs\YiiRoot\framework\web\CController.php(286): ParseController->runAction()
#1 C:\xampp\htdocs\YiiRoot\framework\web\CController.php(265): ParseController->runActionWithFilters()
#2 C:\xampp\htdocs\YiiRoot\framework\web\CWebApplication.php(282): ParseController->run()
#3 C:\xampp\htdocs\YiiRoot\framework\web\CWebApplication.php(141): CWebApplication->runController()
#4 C:\xampp\htdocs\YiiRoot\framework\base\CApplication.php(184): CWebApplication->processRequest()
#5 C:\xampp\htdocs\ParseLog\index.php(13): CWebApplication->run()
REQUEST_URI=/ParseLog/?r=parse
in C:\xampp\htdocs\ParseLog\protected\controllers\ParseController.php (26)
in C:\xampp\htdocs\ParseLog\index.php (13)
2015/09/26 23:38:57 [error] [php] Trying to get property of non-object (C:\xampp\htdocs\ParseLog\protected\controllers\ParseController.php:30)
Stack trace:
#0 C:\xampp\htdocs\YiiRoot\framework\web\CController.php(286): ParseController->runAction()
#1 C:\xampp\htdocs\YiiRoot\framework\web\CController.php(265): ParseController->runActionWithFilters()
#2 C:\xampp\htdocs\YiiRoot\framework\web\CWebApplication.php(282): ParseController->run()
#3 C:\xampp\htdocs\YiiRoot\framework\web\CWebApplication.php(141): CWebApplication->runController()
#4 C:\xampp\htdocs\YiiRoot\framework\base\CApplication.php(184): CWebApplication->processRequest()
#5 C:\xampp\htdocs\ParseLog\index.php(13): CWebApplication->run()
REQUEST_URI=/ParseLog/?r=parse
in C:\xampp\htdocs\ParseLog\protected\controllers\ParseController.php (30)
in C:\xampp\htdocs\ParseLog\index.php (13)
2015/09/26 23:40:22 [error] [php] Trying to get property of non-object (C:\xampp\htdocs\ParseLog\protected\controllers\ParseController.php:30)
Stack trace:
#0 C:\xampp\htdocs\YiiRoot\framework\web\CController.php(286): ParseController->runAction()
#1 C:\xampp\htdocs\YiiRoot\framework\web\CController.php(265): ParseController->runActionWithFilters()
#2 C:\xampp\htdocs\YiiRoot\framework\web\CWebApplication.php(282): ParseController->run()
#3 C:\xampp\htdocs\YiiRoot\framework\web\CWebApplication.php(141): CWebApplication->runController()
#4 C:\xampp\htdocs\YiiRoot\framework\base\CApplication.php(184): CWebApplication->processRequest()
#5 C:\xampp\htdocs\ParseLog\index.php(13): CWebApplication->run()
REQUEST_URI=/ParseLog/?r=parse
in C:\xampp\htdocs\ParseLog\protected\controllers\ParseController.php (30)
in C:\xampp\htdocs\ParseLog\index.php (13)
2015/09/26 23:40:23 [error] [php] Trying to get property of non-object (C:\xampp\htdocs\ParseLog\protected\controllers\ParseController.php:30)
Stack trace:
#0 C:\xampp\htdocs\YiiRoot\framework\web\CController.php(286): ParseController->runAction()
#1 C:\xampp\htdocs\YiiRoot\framework\web\CController.php(265): ParseController->runActionWithFilters()
#2 C:\xampp\htdocs\YiiRoot\framework\web\CWebApplication.php(282): ParseController->run()
#3 C:\xampp\htdocs\YiiRoot\framework\web\CWebApplication.php(141): CWebApplication->runController()
#4 C:\xampp\htdocs\YiiRoot\framework\base\CApplication.php(184): CWebApplication->processRequest()
#5 C:\xampp\htdocs\ParseLog\index.php(13): CWebApplication->run()
REQUEST_URI=/ParseLog/?r=parse
in C:\xampp\htdocs\ParseLog\protected\controllers\ParseController.php (30)
in C:\xampp\htdocs\ParseLog\index.php (13)
2015/09/27 01:39:38 [error] [php] Use of undefined constant x_parts - assumed 'x_parts' (C:\xampp\htdocs\ParseLog\protected\controllers\ParseController.php:90)
Stack trace:
#0 C:\xampp\htdocs\YiiRoot\framework\web\CController.php(308): CInlineAction->runWithParams()
#1 C:\xampp\htdocs\YiiRoot\framework\web\CController.php(286): ParseController->runAction()
#2 C:\xampp\htdocs\YiiRoot\framework\web\CController.php(265): ParseController->runActionWithFilters()
#3 C:\xampp\htdocs\YiiRoot\framework\web\CWebApplication.php(282): ParseController->run()
#4 C:\xampp\htdocs\YiiRoot\framework\web\CWebApplication.php(141): CWebApplication->runController()
#5 C:\xampp\htdocs\YiiRoot\framework\base\CApplication.php(184): CWebApplication->processRequest()
#6 C:\xampp\htdocs\ParseLog\index.php(13): CWebApplication->run()
REQUEST_URI=/ParseLog/?r=parse
in C:\xampp\htdocs\ParseLog\protected\controllers\ParseController.php (90)
in C:\xampp\htdocs\ParseLog\protected\controllers\ParseController.php (22)
in C:\xampp\htdocs\ParseLog\index.php (13)
2015/09/27 01:39:55 [error] [php] Undefined variable: x_parts (C:\xampp\htdocs\ParseLog\protected\controllers\ParseController.php:114)
Stack trace:
#0 C:\xampp\htdocs\YiiRoot\framework\web\actions\CInlineAction.php(49): ParseController->actionIndex()
#1 C:\xampp\htdocs\YiiRoot\framework\web\CController.php(308): CInlineAction->runWithParams()
#2 C:\xampp\htdocs\YiiRoot\framework\web\CController.php(286): ParseController->runAction()
#3 C:\xampp\htdocs\YiiRoot\framework\web\CController.php(265): ParseController->runActionWithFilters()
#4 C:\xampp\htdocs\YiiRoot\framework\web\CWebApplication.php(282): ParseController->run()
#5 C:\xampp\htdocs\YiiRoot\framework\web\CWebApplication.php(141): CWebApplication->runController()
#6 C:\xampp\htdocs\YiiRoot\framework\base\CApplication.php(184): CWebApplication->processRequest()
#7 C:\xampp\htdocs\ParseLog\index.php(13): CWebApplication->run()
REQUEST_URI=/ParseLog/?r=parse
in C:\xampp\htdocs\ParseLog\protected\controllers\ParseController.php (114)
in C:\xampp\htdocs\ParseLog\protected\controllers\ParseController.php (90)
in C:\xampp\htdocs\ParseLog\protected\controllers\ParseController.php (22)
2015/10/02 17:16:23 [error] [exception.CDbException] exception 'CDbException' with message 'CDbConnection failed to open the DB connection: SQLSTATE[HY000] [2002] No connection could be made because the target machine actively refused it.
' in C:\xampp\htdocs\YiiRoot\framework\db\CDbConnection.php:399
Stack trace:
#0 C:\xampp\htdocs\YiiRoot\framework\db\CDbConnection.php(347): CDbConnection->open()
#1 C:\xampp\htdocs\YiiRoot\framework\db\CDbConnection.php(325): CDbConnection->setActive(true)
#2 C:\xampp\htdocs\YiiRoot\framework\base\CModule.php(394): CDbConnection->init()
#3 C:\xampp\htdocs\YiiRoot\framework\base\CApplication.php(458): CModule->getComponent('db')
#4 C:\xampp\htdocs\YiiRoot\framework\db\ar\CActiveRecord.php(637): CApplication->getDb()
#5 C:\xampp\htdocs\YiiRoot\framework\db\ar\CActiveRecord.php(670): CActiveRecord->getDbConnection()
#6 C:\xampp\htdocs\YiiRoot\framework\db\ar\CActiveRecord.php(1460): CActiveRecord->getCommandBuilder()
#7 C:\xampp\htdocs\ParseLog\protected\controllers\ParseController.php(96): CActiveRecord->find('IP="222.*.*.*"')
#8 C:\xampp\htdocs\ParseLog\protected\controllers\ParseController.php(78): ParseController->getLocationForIP(Array)
#9 C:\xampp\htdocs\ParseLog\protected\controllers\ParseController.php(16): ParseController->getHitsPerLocation()
#10 C:\xampp\htdocs\YiiRoot\framework\web\actions\CInlineAction.php(49): ParseController->actionIndex()
#11 C:\xampp\htdocs\YiiRoot\framework\web\CController.php(308): CInlineAction->runWithParams(Array)
#12 C:\xampp\htdocs\YiiRoot\framework\web\CController.php(286): CController->runAction(Object(CInlineAction))
#13 C:\xampp\htdocs\YiiRoot\framework\web\CController.php(265): CController->runActionWithFilters(Object(CInlineAction), Array)
#14 C:\xampp\htdocs\YiiRoot\framework\web\CWebApplication.php(282): CController->run('index')
#15 C:\xampp\htdocs\YiiRoot\framework\web\CWebApplication.php(141): CWebApplication->runController('parse/index')
#16 C:\xampp\htdocs\YiiRoot\framework\base\CApplication.php(184): CWebApplication->processRequest()
#17 C:\xampp\htdocs\ParseLog\index.php(13): CApplication->run()
#18 {main}
REQUEST_URI=/ParseLog/index.php?r=parse/index&view=index
HTTP_REFERER=http://localhost/ParseLog/index.php?r=site/index
---
2015/10/02 17:17:30 [error] [exception.CDbException] exception 'CDbException' with message 'CDbConnection failed to open the DB connection: SQLSTATE[HY000] [2002] No connection could be made because the target machine actively refused it.
' in C:\xampp\htdocs\YiiRoot\framework\db\CDbConnection.php:399
Stack trace:
#0 C:\xampp\htdocs\YiiRoot\framework\db\CDbConnection.php(347): CDbConnection->open()
#1 C:\xampp\htdocs\YiiRoot\framework\db\CDbConnection.php(325): CDbConnection->setActive(true)
#2 C:\xampp\htdocs\YiiRoot\framework\base\CModule.php(394): CDbConnection->init()
#3 C:\xampp\htdocs\YiiRoot\framework\base\CApplication.php(458): CModule->getComponent('db')
#4 C:\xampp\htdocs\YiiRoot\framework\db\ar\CActiveRecord.php(637): CApplication->getDb()
#5 C:\xampp\htdocs\YiiRoot\framework\db\ar\CActiveRecord.php(670): CActiveRecord->getDbConnection()
#6 C:\xampp\htdocs\YiiRoot\framework\db\ar\CActiveRecord.php(1460): CActiveRecord->getCommandBuilder()
#7 C:\xampp\htdocs\ParseLog\protected\controllers\ParseController.php(96): CActiveRecord->find('IP="222.*.*.*"')
#8 C:\xampp\htdocs\ParseLog\protected\controllers\ParseController.php(78): ParseController->getLocationForIP(Array)
#9 C:\xampp\htdocs\ParseLog\protected\controllers\ParseController.php(16): ParseController->getHitsPerLocation()
#10 C:\xampp\htdocs\YiiRoot\framework\web\actions\CInlineAction.php(49): ParseController->actionIndex()
#11 C:\xampp\htdocs\YiiRoot\framework\web\CController.php(308): CInlineAction->runWithParams(Array)
#12 C:\xampp\htdocs\YiiRoot\framework\web\CController.php(286): CController->runAction(Object(CInlineAction))
#13 C:\xampp\htdocs\YiiRoot\framework\web\CController.php(265): CController->runActionWithFilters(Object(CInlineAction), Array)
#14 C:\xampp\htdocs\YiiRoot\framework\web\CWebApplication.php(282): CController->run('index')
#15 C:\xampp\htdocs\YiiRoot\framework\web\CWebApplication.php(141): CWebApplication->runController('parse/index')
#16 C:\xampp\htdocs\YiiRoot\framework\base\CApplication.php(184): CWebApplication->processRequest()
#17 C:\xampp\htdocs\ParseLog\index.php(13): CApplication->run()
#18 {main}
REQUEST_URI=/ParseLog/index.php?r=parse/index&view=index
---
2015/10/02 17:21:59 [error] [php] Invalid argument supplied for foreach() (C:\xampp\htdocs\ParseLog\protected\views\parse\index.php:17)
Stack trace:
#0 C:\xampp\htdocs\YiiRoot\framework\web\CController.php(869): ParseController->renderFile()
#1 C:\xampp\htdocs\YiiRoot\framework\web\CController.php(782): ParseController->renderPartial()
#2 C:\xampp\htdocs\ParseLog\protected\controllers\ParseController.php(17): ParseController->render()
#3 C:\xampp\htdocs\YiiRoot\framework\web\actions\CInlineAction.php(49): ParseController->actionIndex()
#4 C:\xampp\htdocs\YiiRoot\framework\web\CController.php(308): CInlineAction->runWithParams()
#5 C:\xampp\htdocs\YiiRoot\framework\web\CController.php(286): ParseController->runAction()
#6 C:\xampp\htdocs\YiiRoot\framework\web\CController.php(265): ParseController->runActionWithFilters()
#7 C:\xampp\htdocs\YiiRoot\framework\web\CWebApplication.php(282): ParseController->run()
#8 C:\xampp\htdocs\YiiRoot\framework\web\CWebApplication.php(141): CWebApplication->runController()
#9 C:\xampp\htdocs\YiiRoot\framework\base\CApplication.php(184): CWebApplication->processRequest()
#10 C:\xampp\htdocs\ParseLog\index.php(13): CWebApplication->run()
REQUEST_URI=/ParseLog/index.php?r=parse/index&view=index
in C:\xampp\htdocs\ParseLog\protected\views\parse\index.php (17)
in C:\xampp\htdocs\ParseLog\protected\controllers\ParseController.php (17)
in C:\xampp\htdocs\ParseLog\index.php (13)
2015/10/02 17:28:55 [error] [exception.CDbException] exception 'CDbException' with message 'CDbConnection failed to open the DB connection: SQLSTATE[HY000] [2002] No connection could be made because the target machine actively refused it.
' in C:\xampp\htdocs\YiiRoot\framework\db\CDbConnection.php:399
Stack trace:
#0 C:\xampp\htdocs\YiiRoot\framework\db\CDbConnection.php(347): CDbConnection->open()
#1 C:\xampp\htdocs\YiiRoot\framework\db\CDbConnection.php(325): CDbConnection->setActive(true)
#2 C:\xampp\htdocs\YiiRoot\framework\base\CModule.php(394): CDbConnection->init()
#3 C:\xampp\htdocs\YiiRoot\framework\base\CApplication.php(458): CModule->getComponent('db')
#4 C:\xampp\htdocs\YiiRoot\framework\db\ar\CActiveRecord.php(637): CApplication->getDb()
#5 C:\xampp\htdocs\YiiRoot\framework\db\ar\CActiveRecord.php(670): CActiveRecord->getDbConnection()
#6 C:\xampp\htdocs\YiiRoot\framework\db\ar\CActiveRecord.php(1460): CActiveRecord->getCommandBuilder()
#7 C:\xampp\htdocs\ParseLog\protected\controllers\ParseController.php(96): CActiveRecord->find('IP="222.*.*.*"')
#8 C:\xampp\htdocs\ParseLog\protected\controllers\ParseController.php(78): ParseController->getLocationForIP(Array)
#9 C:\xampp\htdocs\ParseLog\protected\controllers\ParseController.php(16): ParseController->getHitsPerLocation()
#10 C:\xampp\htdocs\YiiRoot\framework\web\actions\CInlineAction.php(49): ParseController->actionIndex()
#11 C:\xampp\htdocs\YiiRoot\framework\web\CController.php(308): CInlineAction->runWithParams(Array)
#12 C:\xampp\htdocs\YiiRoot\framework\web\CController.php(286): CController->runAction(Object(CInlineAction))
#13 C:\xampp\htdocs\YiiRoot\framework\web\CController.php(265): CController->runActionWithFilters(Object(CInlineAction), Array)
#14 C:\xampp\htdocs\YiiRoot\framework\web\CWebApplication.php(282): CController->run('index')
#15 C:\xampp\htdocs\YiiRoot\framework\web\CWebApplication.php(141): CWebApplication->runController('parse/index')
#16 C:\xampp\htdocs\YiiRoot\framework\base\CApplication.php(184): CWebApplication->processRequest()
#17 C:\xampp\htdocs\ParseLog\index.php(13): CApplication->run()
#18 {main}
REQUEST_URI=/ParseLog/index.php?r=parse/index&view=index
HTTP_REFERER=http://localhost/ParseLog/
---
2015/10/02 18:30:29 [error] [exception.CDbException] exception 'CDbException' with message 'CDbConnection failed to open the DB connection: SQLSTATE[HY000] [2002] No connection could be made because the target machine actively refused it.
' in C:\xampp\htdocs\YiiRoot\framework\db\CDbConnection.php:399
Stack trace:
#0 C:\xampp\htdocs\YiiRoot\framework\db\CDbConnection.php(347): CDbConnection->open()
#1 C:\xampp\htdocs\YiiRoot\framework\db\CDbConnection.php(325): CDbConnection->setActive(true)
#2 C:\xampp\htdocs\YiiRoot\framework\base\CModule.php(394): CDbConnection->init()
#3 C:\xampp\htdocs\YiiRoot\framework\base\CApplication.php(458): CModule->getComponent('db')
#4 C:\xampp\htdocs\YiiRoot\framework\db\ar\CActiveRecord.php(637): CApplication->getDb()
#5 C:\xampp\htdocs\YiiRoot\framework\db\ar\CActiveRecord.php(670): CActiveRecord->getDbConnection()
#6 C:\xampp\htdocs\YiiRoot\framework\db\ar\CActiveRecord.php(1460): CActiveRecord->getCommandBuilder()
#7 C:\xampp\htdocs\ParseLog\protected\controllers\ParseController.php(96): CActiveRecord->find('IP="222.*.*.*"')
#8 C:\xampp\htdocs\ParseLog\protected\controllers\ParseController.php(78): ParseController->getLocationForIP(Array)
#9 C:\xampp\htdocs\ParseLog\protected\controllers\ParseController.php(16): ParseController->getHitsPerLocation()
#10 C:\xampp\htdocs\YiiRoot\framework\web\actions\CInlineAction.php(49): ParseController->actionIndex()
#11 C:\xampp\htdocs\YiiRoot\framework\web\CController.php(308): CInlineAction->runWithParams(Array)
#12 C:\xampp\htdocs\YiiRoot\framework\web\CController.php(286): CController->runAction(Object(CInlineAction))
#13 C:\xampp\htdocs\YiiRoot\framework\web\CController.php(265): CController->runActionWithFilters(Object(CInlineAction), Array)
#14 C:\xampp\htdocs\YiiRoot\framework\web\CWebApplication.php(282): CController->run('index')
#15 C:\xampp\htdocs\YiiRoot\framework\web\CWebApplication.php(141): CWebApplication->runController('parse/index')
#16 C:\xampp\htdocs\YiiRoot\framework\base\CApplication.php(184): CWebApplication->processRequest()
#17 C:\xampp\htdocs\ParseLog\index.php(13): CApplication->run()
#18 {main}
REQUEST_URI=/ParseLog/index.php?r=parse/index&view=index
HTTP_REFERER=http://localhost/ParseLog/
---
2015/10/02 18:38:54 [error] [php] Invalid argument supplied for foreach() (C:\xampp\htdocs\ParseLog\protected\views\parse\index.php:22)
Stack trace:
#0 C:\xampp\htdocs\YiiRoot\framework\web\CController.php(869): ParseController->renderFile()
#1 C:\xampp\htdocs\YiiRoot\framework\web\CController.php(782): ParseController->renderPartial()
#2 C:\xampp\htdocs\ParseLog\protected\controllers\ParseController.php(18): ParseController->render()
#3 C:\xampp\htdocs\YiiRoot\framework\web\actions\CInlineAction.php(49): ParseController->actionIndex()
#4 C:\xampp\htdocs\YiiRoot\framework\web\CController.php(308): CInlineAction->runWithParams()
#5 C:\xampp\htdocs\YiiRoot\framework\web\CController.php(286): ParseController->runAction()
#6 C:\xampp\htdocs\YiiRoot\framework\web\CController.php(265): ParseController->runActionWithFilters()
#7 C:\xampp\htdocs\YiiRoot\framework\web\CWebApplication.php(282): ParseController->run()
#8 C:\xampp\htdocs\YiiRoot\framework\web\CWebApplication.php(141): CWebApplication->runController()
#9 C:\xampp\htdocs\YiiRoot\framework\base\CApplication.php(184): CWebApplication->processRequest()
#10 C:\xampp\htdocs\ParseLog\index.php(13): CWebApplication->run()
REQUEST_URI=/ParseLog/index.php?r=parse/index&view=index
in C:\xampp\htdocs\ParseLog\protected\views\parse\index.php (22)
in C:\xampp\htdocs\ParseLog\protected\controllers\ParseController.php (18)
in C:\xampp\htdocs\ParseLog\index.php (13)
2015/10/02 22:27:30 [error] [exception.CException] exception 'CException' with message 'CClientScript and its behaviors do not have a method or closure named "regaisterScriptFile".' in C:\xampp\htdocs\YiiRoot\framework\base\CComponent.php:266
Stack trace:
#0 C:\xampp\htdocs\ParseLog\protected\views\graph\index.php(12): CComponent->__call('regaisterScript...', Array)
#1 C:\xampp\htdocs\ParseLog\protected\views\graph\index.php(12): CClientScript->regaisterScriptFile('amcharts/plotGr...')
#2 C:\xampp\htdocs\YiiRoot\framework\web\CBaseController.php(126): require('C:\\xampp\\htdocs...')
#3 C:\xampp\htdocs\YiiRoot\framework\web\CBaseController.php(95): CBaseController->renderInternal('C:\\xampp\\htdocs...', NULL, true)
#4 C:\xampp\htdocs\YiiRoot\framework\web\CController.php(869): CBaseController->renderFile('C:\\xampp\\htdocs...', NULL, true)
#5 C:\xampp\htdocs\YiiRoot\framework\web\CController.php(782): CController->renderPartial('index', NULL, true)
#6 C:\xampp\htdocs\ParseLog\protected\controllers\GraphController.php(7): CController->render('index')
#7 C:\xampp\htdocs\YiiRoot\framework\web\actions\CInlineAction.php(49): GraphController->actionIndex()
#8 C:\xampp\htdocs\YiiRoot\framework\web\CController.php(308): CInlineAction->runWithParams(Array)
#9 C:\xampp\htdocs\YiiRoot\framework\web\CController.php(286): CController->runAction(Object(CInlineAction))
#10 C:\xampp\htdocs\YiiRoot\framework\web\CController.php(265): CController->runActionWithFilters(Object(CInlineAction), Array)
#11 C:\xampp\htdocs\YiiRoot\framework\web\CWebApplication.php(282): CController->run('')
#12 C:\xampp\htdocs\YiiRoot\framework\web\CWebApplication.php(141): CWebApplication->runController('graph')
#13 C:\xampp\htdocs\YiiRoot\framework\base\CApplication.php(184): CWebApplication->processRequest()
#14 C:\xampp\htdocs\ParseLog\index.php(13): CApplication->run()
#15 {main}
REQUEST_URI=/ParseLog/index.php?r=graph
---
